<?xml version="1.0" encoding="UTF-8"?>
<testng-results skipped="0" failed="0" total="1" passed="1">
  <reporter-output>
  </reporter-output>
  <suite name="Default suite" duration-ms="38099" started-at="2017-09-15T09:41:52Z" finished-at="2017-09-15T09:42:30Z">
    <groups>
    </groups>
    <test name="Default test" duration-ms="38099" started-at="2017-09-15T09:41:52Z" finished-at="2017-09-15T09:42:30Z">
      <class name="com.selenium.moduleTestScripts.LoginTestScript">
        <test-method status="PASS" signature="validateLogin()[pri:0, instance:com.selenium.moduleTestScripts.LoginTestScript@2a2d45ba]" name="validateLogin" duration-ms="38084" started-at="2017-09-15T15:11:52Z" finished-at="2017-09-15T15:12:30Z">
          <reporter-output>
          </reporter-output>
        </test-method> <!-- validateLogin -->
      </class> <!-- com.selenium.moduleTestScripts.LoginTestScript -->
    </test> <!-- Default test -->
  </suite> <!-- Default suite -->
</testng-results>
